#
# There is insufficient memory for the Java Runtime Environment to continue.
# Native memory allocation (malloc) failed to allocate 1048576 bytes for AllocateHeap
# Possible reasons:
#   The system is out of physical RAM or swap space
#   The process is running with CompressedOops enabled, and the Java Heap may be blocking the growth of the native heap
# Possible solutions:
#   Reduce memory load on the system
#   Increase physical memory or swap space
#   Check if swap backing store is full
#   Decrease Java heap size (-Xmx/-Xms)
#   Decrease number of Java threads
#   Decrease Java thread stack sizes (-Xss)
#   Set larger code cache with -XX:ReservedCodeCacheSize=
#   JVM is running with Zero Based Compressed Oops mode in which the Java heap is
#     placed in the first 32GB address space. The Java Heap base address is the
#     maximum limit for the native heap growth. Please use -XX:HeapBaseMinAddress
#     to set the Java Heap base and to place the Java Heap above 32GB virtual address.
# This output file may be truncated or incomplete.
#
#  Out of Memory Error (memory/allocation.inline.hpp:61), pid=10932, tid=0x0000000000001308
#
# JRE version:  (8.0_281-b09) (build )
# Java VM: Java HotSpot(TM) 64-Bit Server VM (25.281-b09 mixed mode windows-amd64 compressed oops)
# Failed to write core dump. Minidumps are not enabled by default on client versions of Windows
#

---------------  T H R E A D  ---------------

Current thread (0x0000016280e22000):  JavaThread "Unknown thread" [_thread_in_vm, id=4872, stack(0x000000242db00000,0x000000242dc00000)]

Stack: [0x000000242db00000,0x000000242dc00000]
Native frames: (J=compiled Java code, j=interpreted, Vv=VM code, C=native code)
V  [jvm.dll+0x32e5b9]
V  [jvm.dll+0x275012]
V  [jvm.dll+0x275cbd]
V  [jvm.dll+0x26c6f5]
V  [jvm.dll+0x509d]
V  [jvm.dll+0x3c96ec]
V  [jvm.dll+0x3c5a67]
V  [jvm.dll+0xfcaaf]
V  [jvm.dll+0x209a1b]
V  [jvm.dll+0x2383d7]
V  [jvm.dll+0x162566]
C  [java.exe+0x2312]
C  [java.exe+0x15f54]
C  [KERNEL32.DLL+0x17614]
C  [ntdll.dll+0x526b1]


---------------  P R O C E S S  ---------------

Java Threads: ( => current thread )

Other Threads:

=>0x0000016280e22000 (exited) JavaThread "Unknown thread" [_thread_in_vm, id=4872, stack(0x000000242db00000,0x000000242dc00000)]

VM state:not at safepoint (normal execution)

VM Mutex/Monitor currently owned by a thread: None

heap address: 0x00000006c1c00000, size: 4068 MB, Compressed Oops mode: Zero based, Oop shift amount: 3
Narrow klass base: 0x0000000000000000, Narrow klass shift: 3
Compressed class space size: 1073741824 Address: 0x00000007c0000000

Heap:
 PSYoungGen      total 76288K, used 1310K [0x000000076b400000, 0x0000000770900000, 0x00000007c0000000)
  eden space 65536K, 2% used [0x000000076b400000,0x000000076b547af0,0x000000076f400000)
  from space 10752K, 0% used [0x000000076fe80000,0x000000076fe80000,0x0000000770900000)
  to   space 10752K, 0% used [0x000000076f400000,0x000000076f400000,0x000000076fe80000)
 ParOldGen       total 175104K, used 0K [0x00000006c1c00000, 0x00000006cc700000, 0x000000076b400000)
  object space 175104K, 0% used [0x00000006c1c00000,0x00000006c1c00000,0x00000006cc700000)
 Metaspace       used 777K, capacity 4480K, committed 4480K, reserved 1056768K
  class space    used 76K, capacity 384K, committed 384K, reserved 1048576K

Card table byte_map: [0x0000016291b50000,0x0000016292350000] byte_map_base: 0x000001628e542000

Marking Bits: (ParMarkBitMap*) 0x000000005fac6ff0
 Begin Bits: [0x00000162928a0000, 0x0000016296830000)
 End Bits:   [0x0000016296830000, 0x000001629a7c0000)

Polling page: 0x0000016282760000

CodeCache: size=245760Kb used=328Kb max_used=328Kb free=245431Kb
 bounds [0x0000016282790000, 0x0000016282a00000, 0x0000016291790000]
 total_blobs=58 nmethods=0 adapters=38
 compilation: enabled

Compilation events (0 events):
No events

GC Heap History (0 events):
No events

Deoptimization events (0 events):
No events

Classes redefined (0 events):
No events

Internal exceptions (0 events):
No events

Events (10 events):
Event: 0.037 loading class java/lang/Short
Event: 0.037 loading class java/lang/Short done
Event: 0.037 loading class java/lang/Integer
Event: 0.037 loading class java/lang/Integer done
Event: 0.037 loading class java/lang/Long
Event: 0.037 loading class java/lang/Long done
Event: 0.038 loading class java/lang/NullPointerException
Event: 0.038 loading class java/lang/NullPointerException done
Event: 0.038 loading class java/lang/ArithmeticException
Event: 0.039 loading class java/lang/ArithmeticException done


Dynamic libraries:
0x00007ff6e4bc0000 - 0x00007ff6e4c07000 	C:\Program Files\Java\jdk1.8.0_281\jre\bin\java.exe
0x00007ff90f6d0000 - 0x00007ff90f8c8000 	C:\Windows\SYSTEM32\ntdll.dll
0x00007ff90e990000 - 0x00007ff90ea4f000 	C:\Windows\System32\KERNEL32.DLL
0x00007ff90cea0000 - 0x00007ff90d196000 	C:\Windows\System32\KERNELBASE.dll
0x00007ff90ec20000 - 0x00007ff90eccf000 	C:\Windows\System32\ADVAPI32.dll
0x00007ff90e740000 - 0x00007ff90e7de000 	C:\Windows\System32\msvcrt.dll
0x00007ff90eb80000 - 0x00007ff90ec1c000 	C:\Windows\System32\sechost.dll
0x00007ff90ea50000 - 0x00007ff90eb76000 	C:\Windows\System32\RPCRT4.dll
0x00007ff90d730000 - 0x00007ff90d8cd000 	C:\Windows\System32\USER32.dll
0x00007ff90d300000 - 0x00007ff90d322000 	C:\Windows\System32\win32u.dll
0x00007ff90e700000 - 0x00007ff90e72c000 	C:\Windows\System32\GDI32.dll
0x00007ff90d3f0000 - 0x00007ff90d505000 	C:\Windows\System32\gdi32full.dll
0x00007ff90ce00000 - 0x00007ff90ce9d000 	C:\Windows\System32\msvcp_win.dll
0x00007ff90d630000 - 0x00007ff90d730000 	C:\Windows\System32\ucrtbase.dll
0x00007ff8f5b70000 - 0x00007ff8f5e0a000 	C:\Windows\WinSxS\amd64_microsoft.windows.common-controls_6595b64144ccf1df_6.0.19041.1110_none_60b5254171f9507e\COMCTL32.dll
0x00007ff90dd40000 - 0x00007ff90dd70000 	C:\Windows\System32\IMM32.DLL
0x00007ff9085c0000 - 0x00007ff9085d5000 	C:\Program Files\Java\jdk1.8.0_281\jre\bin\vcruntime140.dll
0x00007ff8b2170000 - 0x00007ff8b220b000 	C:\Program Files\Java\jdk1.8.0_281\jre\bin\msvcp140.dll
0x000000005f2e0000 - 0x000000005fb3f000 	C:\Program Files\Java\jdk1.8.0_281\jre\bin\server\jvm.dll
0x00007ff90df30000 - 0x00007ff90df38000 	C:\Windows\System32\PSAPI.DLL
0x00007ff8f8380000 - 0x00007ff8f83a7000 	C:\Windows\SYSTEM32\WINMM.dll
0x00007ff8dc320000 - 0x00007ff8dc329000 	C:\Windows\SYSTEM32\WSOCK32.dll
0x00007ff903c80000 - 0x00007ff903c8a000 	C:\Windows\SYSTEM32\VERSION.dll
0x00007ff90f500000 - 0x00007ff90f56b000 	C:\Windows\System32\WS2_32.dll
0x00007ff90b5a0000 - 0x00007ff90b5b2000 	C:\Windows\SYSTEM32\kernel.appcore.dll
0x00007ff8f0600000 - 0x00007ff8f0610000 	C:\Program Files\Java\jdk1.8.0_281\jre\bin\verify.dll
0x00007ff8e28a0000 - 0x00007ff8e28cb000 	C:\Program Files\Java\jdk1.8.0_281\jre\bin\java.dll
0x00007ff8ef860000 - 0x00007ff8ef878000 	C:\Program Files\Java\jdk1.8.0_281\jre\bin\zip.dll
0x00007ff8f9040000 - 0x00007ff8f9224000 	C:\Windows\SYSTEM32\dbghelp.dll
0x00007ff90d360000 - 0x00007ff90d3e2000 	C:\Windows\System32\bcryptPrimitives.dll

VM Arguments:
java_command: C:\Users\Cepera\AppData\Local\Temp\surefire7525652674292262847\surefirebooter-20230814232249709_3.jar C:\Users\Cepera\AppData\Local\Temp\surefire7525652674292262847 2023-08-14T23-22-49_442-jvmRun1 surefire-20230814232249709_1tmp surefire_0-20230814232249709_2tmp
java_class_path (initial): C:\Users\Cepera\AppData\Local\Temp\surefire7525652674292262847\surefirebooter-20230814232249709_3.jar
Launcher Type: SUN_STANDARD

Environment Variables:
JAVA_HOME=C:\Program Files\Java\jdk1.8.0_281
PATH=C:/Users/Cepera/.p2/pool/plugins/org.eclipse.justj.openjdk.hotspot.jre.full.win32.x86_64_16.0.2.v20210721-1149/jre/bin/server;C:/Users/Cepera/.p2/pool/plugins/org.eclipse.justj.openjdk.hotspot.jre.full.win32.x86_64_16.0.2.v20210721-1149/jre/bin;C:\Program Files\Java\jre1.8.0_281\bin;c:\program files (x86)\intel\intel(r) management engine components\icls\;c:\program files\intel\intel(r) management engine components\icls\;c:\windows\system32;c:\windows;c:\windows\system32\wbem;c:\windows\system32\windowspowershell\v1.0\;c:\windows\system32\openssh\;c:\program files (x86)\intel\intel(r) management engine components\dal;c:\program files\intel\intel(r) management engine components\dal;c:\program files (x86)\intel\intel(r) management engine components\ipt;c:\program files\intel\intel(r) management engine components\ipt;c:\program files\nvidia corporation\nvidia nvdlisr;c:\program files\worldpainter;C:\Program Files (x86)\NVIDIA Corporation\PhysX\Common;C:\Program Files\dotnet\;C:\Program Files\Docker\Docker\resources\bin;%USERPROFILE%\AppData\Local\Microsoft\WindowsApps;C:\Users\Cepera\AppData\Local\GitHubDesktop\bin;C:\Users\Cepera\yandex-cloud\bin;D:\eclipse\eclipse-2021-06-ee\eclipse;
USERNAME=Cepera
OS=Windows_NT
PROCESSOR_IDENTIFIER=Intel64 Family 6 Model 142 Stepping 10, GenuineIntel



---------------  S Y S T E M  ---------------

OS: Windows 10.0 , 64 bit Build 19041 (10.0.19041.3155)

CPU:total 8 (initial active 8) (4 cores per cpu, 2 threads per core) family 6 model 142 stepping 10, cmov, cx8, fxsr, mmx, sse, sse2, sse3, ssse3, sse4.1, sse4.2, popcnt, avx, avx2, aes, clmul, erms, 3dnowpref, lzcnt, ht, tsc, tscinvbit, bmi1, bmi2, adx

Memory: 4k page, physical 16658532k(3284016k free), swap 25640976k(5176k free)

vm_info: Java HotSpot(TM) 64-Bit Server VM (25.281-b09) for windows-amd64 JRE (1.8.0_281-b09), built on Dec  9 2020 13:54:07 by "" with MS VC++ 15.9 (VS2017)

time: Mon Aug 14 23:22:49 2023
timezone: RTZ 2 (зима)
elapsed time: 0.078671 seconds (0d 0h 0m 0s)

